9753086421
8653266432
8653266432
8655264432
8633086632
9753086421
8633086632
8653266432
8653266432
8653266432
8653266432
8655264432
8655264432
8653266432
8633086632
8655264432
8653266432
6433086654
8653266432
8653266432
8633086632
8653266432
8653266432
8633086632
8633086632
8655264432
8653266432
6431088654
8633086632
9753086421
9751088421
8633086632
8653266432
8653266432
8653266432
8653266432
8655264432
6431088654
6431088654
8765264322
8653266432
8653266432
8732087622
8653266432
8653266432
9753086421
8655264432
8653266432
8633086632
8633086632
8653266432
8655264432
8653266432
8653266432
6431088654
9751088421
8633086632
8653266432
8765264322
8633086632
6543086544
8655264432
6543086544
9753086421
9751088421
8653266432
8332087662
8633086632
8653266432
8653266432
8653266432
8653266432
8633086632
8633086632
9755084421
8653266432
8653266432
9753086421
6543086544
9775084221
8653266432
8653266432
6433086654
8765264322
8765264322
8653266432
8653266432
8765264322
8633086632
8633086632
8633086632
8633086632
6433086654
8633086632
8655264432
8653266432
8765264322
9775084221
8653266432
8633086632
8653266432
8633086632
8655264432
8633086632
8655264432
8653266432
8633086632
8653266432
8633086632
9755084421
8765264322
8655264432
8633086632
8633086632
8653266432
8765264322
8653266432
9751088421
8653266432
6543086544
9753086421
8765264322
8633086632
9751088421
6543086544
9755084421
8653266432
8653266432
8655264432
9753086421
8633086632
8655264432
8433086652
8653266432
8633086632
8653266432
8633086632
8765264322
8653266432
8653266432
8633086632
8653266432
8653266432
8653266432
8653266432
8653266432
9753086421
8653266432
8765264322
8653266432
8653266432
8765264322
8653266432
8633086632
8765264322
8655264432
8633086632
8653266432
8653266432
8653266432
6431088654
8765264322
9751088421
8765264322
8633086632
8653266432
8633086632
8633086632
8653266432
8765264322
8655264432
9753086421
8765264322
8633086632
8633086632
9753086421
8655264432
8653266432
8633086632
9753086421
8765264322
9753086421
9753086421
8633086632
8321088762
8653266432
8633086632
8765264322
8765264322
8653266432
8653266432
8653266432
8633086632
8653266432
7533086643
8653266432
8633086632
8633086632
8765264322
8765264322
8633086632
8653266432
8633086632
6431088654
8653266432
8633086632
8633086632
8653266432
8633086632
8653266432
8653266432
8633086632
6543086544
8653266432
8653266432
8765264322
8653266432
8653266432
8653266432
9753086421
8653266432
8633086632
8633086632
8653266432
8633086632
8653266432
8653266432
8633086632
8655264432
8653266432
9751088421
8653266432
8653266432
7533086643
8653266432
6433086654
9775084221
8633086632
6431088654
8653266432
8653266432
8655264432
8653266432
8653266432
8655264432
8533176642
8633086632
8653266432
8653266432
8633086632
8653266432
8633086632
8765264322
8765264322
8633086632
6543086544
6543086544
8633086632
8653266432
8633086632
9753086421
8653266432
8655264432
8633086632
8633086632
8653266432
4332087666
8633086632
6431088654
8653266432
8633086632
8765264322
8653266432
9753086421
8653266432
8653266432
8633086632
8653266432
8653266432
8633086632
8653266432
9753086421
8653266432
8633086632
8653266432
8633086632
8633266632
9753086421
8653266432
8655264432
8653266432
8653266432
9753086421
8633086632
8633086632
9751088421
8633086632
6543086544
8633086632
8653266432
8633086632
8633086632
8653266432
8633086632
8633086632
8653266432
8653266432
8633086632
9753086421
8655264432
8653266432
8653266432
9753086421
9753086421
9775084221
8633086632
8633086632
8653266432
8765264322
8633086632
8653266432
8633086632
8653266432
8633086632
8765264322
8653266432
8633086632
8433086652
9753086421
8655264432
8653266432
8653266432
8653266432
8653266432
9975084201
8653266432
8633086632
8655264432
8765264322
9775084221
8653266432
6431088654
8653266432
8332087662
8653266432
8653266432
9753086421
6543086544
8653266432
6543086544
8653266432
8653266432
8655264432
8633086632
8765264322
9975084201
8653266432
8655264432
8653266432
8633086632
8655264432
8633086632
9775084221
9753086421
8765264322
8653266432
8633086632
8633086632
8653266432
8653266432
8655264432
9753086421
8653266432
6433086654
8653266432
8653266432
8633086632
8653266432
8653266432
8653266432
8433086652
8653266432
8633086632
8653266432
9753086421
8653266432
8633086632
9775084221
8633086632
8653266432
9751088421
9753086421
8765264322
8655264432
8765264322
8633086632
8633086632
8633086632
9753086421
8633086632
8653266432
8653266432
8765264322
8633086632
8653266432
8653266432
8653266432
8655264432
8633086632
8653266432
8653266432
8653266432
8653266432
6543086544
8655264432
8655264432
8633086632
8653266432
8653266432
6431088654
8653266432
8633086632
8653266432
8653266432
8653266432
8653266432
8653266432
8653266432
6543086544
8633086632
9755084421
8653266432
8765264322
8633086632
8653266432
8653266432
8633086632
8655264432
8653266432
8633086632
8653266432
8633086632
8653266432
8653266432
9775084221
8653266432
8633086632
8653266432
8633086632
8433086652
8765264322
8655264432
6431088654
9753086421
8765264322
9751088421
8653266432
8653266432
8653266432
8653266432
8653266432
8653266432
9751088421
8653266432
8653266432
8653266432
8653266432
9751088421
8633086632
8765264322
8653266432
8633086632
6543086544
8653266432
8633086632
9775084221
8653266432
9775084221
8633086632
8653266432
8655264432
8765264322
8765264322
8321088762
8653266432
8765264322
8653266432
8633266632
8653266432
9753086421
9753086421
8655264432
8765264322
8653266432
8633086632
9753086421
6433086654
8633086632
8633086632
8655264432
8633086632
9751088421
8765264322
8653266432
9753086421
8633086632
8653266432
8653266432
8655264432
8633086632
8653266432
8653266432
8533176642
8653266432
9753086421
6431088654
8633086632
8765264322
8653266432
8633266632
8633086632
8765264322
6543086544
8653266432
8655264432
8653266432
6433086654
9753086421
8653266432
8633086632
8765264322
8653266432
8765264322
8633086632
8655264432
8765264322
8633086632
8765264322
8653266432
9753086421
8655264432
9751088421
9753086421
6431088654
6543086544
8633086632
9751088421
8633086632
8633086632
8655264432
8633086632
8633086632
8653266432
8653266432
8633086632
8633086632
8653266432
8765264322
8653266432
8653266432
8653266432
8655264432
8653266432
7533086643
8633086632
9753086421
9751088421
8655264432
8765264322
6543086544
8653266432
6433086654
8765264322
8653266432
8653266432
6433266654
8653266432
8765264322
9775084221
8653266432
8433086652
8653266432
8633086632
8633266632
9753086421
8633086632
8765264322
8633086632
8433086652
8653266432
6543086544
8765264322
6333176664
8653266432
8653266432
9975084201
8655264432
8633086632
8765264322
8653266432
8653266432
8633086632
9751088421
8653266432
8653266432
9753086421
8653266432
9753086421
8653266432
8633086632
6543086544
8655264432
8765264322
8653266432
8633086632
8633086632
8653266432
8655264432
8633086632
8633086632
9753086421
8633086632
8633086632
6543086544
6543086544
8633086632
8653266432
8653266432
8653266432
8655264432
8765264322
8653266432
8653266432
8653266432
8653266432
8653266432
8765264322
8633086632
9753086421
8653266432
8655264432
8321088762
8633086632
8633086632
8653266432
8653266432
9753086421
9751088421
8653266432
9753086421
6433086654
8653266432
8633086632
8653266432
9753086421
8653266432
6543086544
8633086632
9753086421
8653266432
8653266432
8653266432
8653266432
8653266432
8655264432
8765264322
8765264322
8655264432
8653266432
8653266432
8633086632
8653266432
8633086632
8765264322
9753086421
9753086421
8633086632
8653266432
8765264322
6431088654
9753086421
8653266432
8655264432
8765264322
8765264322
8653266432
8765264322
8433086652
8633086632
8653266432
9753086421
8653266432
8653266432
8633086632
8653266432
8633086632
8633086632
8653266432
8653266432
8653266432
8653266432
8653266432
9753086421
8653266432
8765264322
8633086632
8653266432
8653266432
8653266432
8655264432
8633086632
8655264432
9775084221
6431088654
8653266432
8765264322
8653266432
8653266432
8655264432
8653266432
8765264322
6433086654
8633086632
8653266432
8765264322
8655264432
9775084221
8633086632
8633086632
9753086421
8633086632
8633086632
6431088654
8653266432
8653266432
8653266432
8653266432
8765264322
9751088421
8633086632
8633086632
9755084421
9753086421
8655264432
9755084421
8653266432
8653266432
8653266432
9751088421
8653266432
8655264432
8655264432
7533086643
9775084221
6543086544
8653266432
8633086632
8653266432
8633086632
8655264432
8655264432
8653266432
8653266432
8633086632
8765264322
8653266432
8653266432
8653266432
8653266432
8633086632
9775084221
8633086632
8653266432
8653266432
8633086632
8655264432
8653266432
6543086544
8633086632
8633086632
6543086544
8633086632
8653266432
8655264432
8653266432
8655264432
8765264322
8633086632
9755084421
8633086632
6543086544
8633086632
8653266432
8653266432
6431088654
8633086632
8653266432
8655264432
6543086544
8653266432
8653266432
8653266432
6543086544
9753086421
8653266432
8765264322
6431088654
8633086632
8653266432
8653266432
9753086421
8653266432
8653266432
8633086632
8653266432
7533086643
8653266432
8655264432
8653266432
6543086544
9753086421
8633086632
6431088654
8633086632
9775084221
8653266432
8653266432
8653266432
8653266432
8633086632
8655264432
8653266432
8633086632
8633086632
8653266432
8653266432
8653266432
8653266432
9753086421
8433086652
6433086654
8653266432
8765264322
9753086421
9753086421
8765264322
8655264432
8653266432
8653266432
9775084221
8653266432
8633086632
8653266432
9753086421
9751088421
9753086421
8653266432
9753086421
8653266432
8653266432
8633086632
8633086632
8633086632
8653266432
8653266432
8653266432
8633086632
8633086632
8653266432
8653266432
8633086632
9751088421
8765264322
8765264322
8633086632
9753086421
9775084221
6431088654
8633086632
8633266632
8653266432
8653266432
8653266432
6433266654
8653266432
8653266432
8653266432
8653266432
8633086632
6543086544
8653266432
9753086421
8633086632
8653266432
8633086632
9751088421
8633086632
9775084221
8653266432
8653266432
8433086652
9755084421
9775084221
8653266432
8653266432
8765264322
9751088421
9751088421
8633086632
8633086632
9753086421
8653266432
8633086632
8765264322
9775084221
6431088654
8653266432
8653266432
8633086632
8653266432
8765264322
6431088654
9753086421
8653266432
8655264432
8633086632
8433086652
8655264432
8653266432
8633086632
8653266432
8633086632
8633086632
8653266432
8653266432
9775084221
8653266432
8653266432
6431088654
8653266432
8653266432
8653266432
8633086632
8655264432
8655264432
8633086632
8633086632
8653266432
8633086632
8633086632
8633086632
9755084421
8655264432
8653266432
9753086421
8633086632
9751088421
8655264432
8765264322
8653266432
8653266432
9753086421
8653266432
8633086632
8653266432
8633086632
8653266432
8653266432
8633086632
8655264432
8653266432
8633086632
8653266432
8653266432
8653266432
8633086632
8653266432
